Created by PLY version 3.11 (http://www.dabeaz.com/ply)

Unused terminals:

    AND
    CORDER
    CORIZQ
    DISTINTO
    DIV
    ENDL
    FOR
    GET
    IGUAL
    INCLUDE
    INT
    MAYORDER
    MAYORIGUAL
    MAYORIZQ
    MAYORQUE
    MENORQUE
    MIENTRAS
    MINUSMINUS
    MODULO
    MULT
    NAMESPACE
    NOT
    NUMERAL
    OR
    POTENCIA
    RESTA
    RETURN
    SI
    SINO
    STD
    USING
    VOID

Grammar

Rule 0     S' -> expresion
Rule 1     expresion -> RESERVADA PARIZQ IDENTIFICADOR IDENTIFICADOR ASIGNAR ENTERO PUNTOCOMA IDENTIFICADOR MENORIGUAL ENTERO PUNTOCOMA IDENTIFICADOR PLUSPLUS PARDER LLAIZQ SYSTEM PUNTO IDENTIFICADOR PUNTO IDENTIFICADOR PARIZQ COMDOB IDENTIFICADOR DOSPUNTO COMDOB SUMA IDENTIFICADOR PARDER PUNTOCOMA LLADER LLADER
Rule 2     expresion -> SYSTEM PUNTO IDENTIFICADOR PUNTO IDENTIFICADOR PARIZQ COMDOB IDENTIFICADOR DOSPUNTO COMDOB SUMA IDENTIFICADOR PARDER PUNTOCOMA LLADER
Rule 3     expresion -> LLADER LLADER

Terminals, with rules where they appear

AND                  : 
ASIGNAR              : 1
COMDOB               : 1 1 2 2
CORDER               : 
CORIZQ               : 
DISTINTO             : 
DIV                  : 
DOSPUNTO             : 1 2
ENDL                 : 
ENTERO               : 1 1
FOR                  : 
GET                  : 
IDENTIFICADOR        : 1 1 1 1 1 1 1 1 2 2 2 2
IGUAL                : 
INCLUDE              : 
INT                  : 
LLADER               : 1 1 2 3 3
LLAIZQ               : 1
MAYORDER             : 
MAYORIGUAL           : 
MAYORIZQ             : 
MAYORQUE             : 
MENORIGUAL           : 1
MENORQUE             : 
MIENTRAS             : 
MINUSMINUS           : 
MODULO               : 
MULT                 : 
NAMESPACE            : 
NOT                  : 
NUMERAL              : 
OR                   : 
PARDER               : 1 1 2
PARIZQ               : 1 1 2
PLUSPLUS             : 1
POTENCIA             : 
PUNTO                : 1 1 2 2
PUNTOCOMA            : 1 1 1 2
RESERVADA            : 1
RESTA                : 
RETURN               : 
SI                   : 
SINO                 : 
STD                  : 
SUMA                 : 1 2
SYSTEM               : 1 2
USING                : 
VOID                 : 
error                : 

Nonterminals, with rules where they appear

expresion            : 0

Parsing method: LALR

state 0

    (0) S' -> . expresion
    (1) expresion -> . RESERVADA PARIZQ IDENTIFICADOR IDENTIFICADOR ASIGNAR ENTERO PUNTOCOMA IDENTIFICADOR MENORIGUAL ENTERO PUNTOCOMA IDENTIFICADOR PLUSPLUS PARDER LLAIZQ SYSTEM PUNTO IDENTIFICADOR PUNTO IDENTIFICADOR PARIZQ COMDOB IDENTIFICADOR DOSPUNTO COMDOB SUMA IDENTIFICADOR PARDER PUNTOCOMA LLADER LLADER
    (2) expresion -> . SYSTEM PUNTO IDENTIFICADOR PUNTO IDENTIFICADOR PARIZQ COMDOB IDENTIFICADOR DOSPUNTO COMDOB SUMA IDENTIFICADOR PARDER PUNTOCOMA LLADER
    (3) expresion -> . LLADER LLADER

    RESERVADA       shift and go to state 2
    SYSTEM          shift and go to state 3
    LLADER          shift and go to state 4

    expresion                      shift and go to state 1

state 1

    (0) S' -> expresion .



state 2

    (1) expresion -> RESERVADA . PARIZQ IDENTIFICADOR IDENTIFICADOR ASIGNAR ENTERO PUNTOCOMA IDENTIFICADOR MENORIGUAL ENTERO PUNTOCOMA IDENTIFICADOR PLUSPLUS PARDER LLAIZQ SYSTEM PUNTO IDENTIFICADOR PUNTO IDENTIFICADOR PARIZQ COMDOB IDENTIFICADOR DOSPUNTO COMDOB SUMA IDENTIFICADOR PARDER PUNTOCOMA LLADER LLADER

    PARIZQ          shift and go to state 5


state 3

    (2) expresion -> SYSTEM . PUNTO IDENTIFICADOR PUNTO IDENTIFICADOR PARIZQ COMDOB IDENTIFICADOR DOSPUNTO COMDOB SUMA IDENTIFICADOR PARDER PUNTOCOMA LLADER

    PUNTO           shift and go to state 6


state 4

    (3) expresion -> LLADER . LLADER

    LLADER          shift and go to state 7


state 5

    (1) expresion -> RESERVADA PARIZQ . IDENTIFICADOR IDENTIFICADOR ASIGNAR ENTERO PUNTOCOMA IDENTIFICADOR MENORIGUAL ENTERO PUNTOCOMA IDENTIFICADOR PLUSPLUS PARDER LLAIZQ SYSTEM PUNTO IDENTIFICADOR PUNTO IDENTIFICADOR PARIZQ COMDOB IDENTIFICADOR DOSPUNTO COMDOB SUMA IDENTIFICADOR PARDER PUNTOCOMA LLADER LLADER

    IDENTIFICADOR   shift and go to state 8


state 6

    (2) expresion -> SYSTEM PUNTO . IDENTIFICADOR PUNTO IDENTIFICADOR PARIZQ COMDOB IDENTIFICADOR DOSPUNTO COMDOB SUMA IDENTIFICADOR PARDER PUNTOCOMA LLADER

    IDENTIFICADOR   shift and go to state 9


state 7

    (3) expresion -> LLADER LLADER .

    $end            reduce using rule 3 (expresion -> LLADER LLADER .)


state 8

    (1) expresion -> RESERVADA PARIZQ IDENTIFICADOR . IDENTIFICADOR ASIGNAR ENTERO PUNTOCOMA IDENTIFICADOR MENORIGUAL ENTERO PUNTOCOMA IDENTIFICADOR PLUSPLUS PARDER LLAIZQ SYSTEM PUNTO IDENTIFICADOR PUNTO IDENTIFICADOR PARIZQ COMDOB IDENTIFICADOR DOSPUNTO COMDOB SUMA IDENTIFICADOR PARDER PUNTOCOMA LLADER LLADER

    IDENTIFICADOR   shift and go to state 10


state 9

    (2) expresion -> SYSTEM PUNTO IDENTIFICADOR . PUNTO IDENTIFICADOR PARIZQ COMDOB IDENTIFICADOR DOSPUNTO COMDOB SUMA IDENTIFICADOR PARDER PUNTOCOMA LLADER

    PUNTO           shift and go to state 11


state 10

    (1) expresion -> RESERVADA PARIZQ IDENTIFICADOR IDENTIFICADOR . ASIGNAR ENTERO PUNTOCOMA IDENTIFICADOR MENORIGUAL ENTERO PUNTOCOMA IDENTIFICADOR PLUSPLUS PARDER LLAIZQ SYSTEM PUNTO IDENTIFICADOR PUNTO IDENTIFICADOR PARIZQ COMDOB IDENTIFICADOR DOSPUNTO COMDOB SUMA IDENTIFICADOR PARDER PUNTOCOMA LLADER LLADER

    ASIGNAR         shift and go to state 12


state 11

    (2) expresion -> SYSTEM PUNTO IDENTIFICADOR PUNTO . IDENTIFICADOR PARIZQ COMDOB IDENTIFICADOR DOSPUNTO COMDOB SUMA IDENTIFICADOR PARDER PUNTOCOMA LLADER

    IDENTIFICADOR   shift and go to state 13


state 12

    (1) expresion -> RESERVADA PARIZQ IDENTIFICADOR IDENTIFICADOR ASIGNAR . ENTERO PUNTOCOMA IDENTIFICADOR MENORIGUAL ENTERO PUNTOCOMA IDENTIFICADOR PLUSPLUS PARDER LLAIZQ SYSTEM PUNTO IDENTIFICADOR PUNTO IDENTIFICADOR PARIZQ COMDOB IDENTIFICADOR DOSPUNTO COMDOB SUMA IDENTIFICADOR PARDER PUNTOCOMA LLADER LLADER

    ENTERO          shift and go to state 14


state 13

    (2) expresion -> SYSTEM PUNTO IDENTIFICADOR PUNTO IDENTIFICADOR . PARIZQ COMDOB IDENTIFICADOR DOSPUNTO COMDOB SUMA IDENTIFICADOR PARDER PUNTOCOMA LLADER

    PARIZQ          shift and go to state 15


state 14

    (1) expresion -> RESERVADA PARIZQ IDENTIFICADOR IDENTIFICADOR ASIGNAR ENTERO . PUNTOCOMA IDENTIFICADOR MENORIGUAL ENTERO PUNTOCOMA IDENTIFICADOR PLUSPLUS PARDER LLAIZQ SYSTEM PUNTO IDENTIFICADOR PUNTO IDENTIFICADOR PARIZQ COMDOB IDENTIFICADOR DOSPUNTO COMDOB SUMA IDENTIFICADOR PARDER PUNTOCOMA LLADER LLADER

    PUNTOCOMA       shift and go to state 16


state 15

    (2) expresion -> SYSTEM PUNTO IDENTIFICADOR PUNTO IDENTIFICADOR PARIZQ . COMDOB IDENTIFICADOR DOSPUNTO COMDOB SUMA IDENTIFICADOR PARDER PUNTOCOMA LLADER

    COMDOB          shift and go to state 17


state 16

    (1) expresion -> RESERVADA PARIZQ IDENTIFICADOR IDENTIFICADOR ASIGNAR ENTERO PUNTOCOMA . IDENTIFICADOR MENORIGUAL ENTERO PUNTOCOMA IDENTIFICADOR PLUSPLUS PARDER LLAIZQ SYSTEM PUNTO IDENTIFICADOR PUNTO IDENTIFICADOR PARIZQ COMDOB IDENTIFICADOR DOSPUNTO COMDOB SUMA IDENTIFICADOR PARDER PUNTOCOMA LLADER LLADER

    IDENTIFICADOR   shift and go to state 18


state 17

    (2) expresion -> SYSTEM PUNTO IDENTIFICADOR PUNTO IDENTIFICADOR PARIZQ COMDOB . IDENTIFICADOR DOSPUNTO COMDOB SUMA IDENTIFICADOR PARDER PUNTOCOMA LLADER

    IDENTIFICADOR   shift and go to state 19


state 18

    (1) expresion -> RESERVADA PARIZQ IDENTIFICADOR IDENTIFICADOR ASIGNAR ENTERO PUNTOCOMA IDENTIFICADOR . MENORIGUAL ENTERO PUNTOCOMA IDENTIFICADOR PLUSPLUS PARDER LLAIZQ SYSTEM PUNTO IDENTIFICADOR PUNTO IDENTIFICADOR PARIZQ COMDOB IDENTIFICADOR DOSPUNTO COMDOB SUMA IDENTIFICADOR PARDER PUNTOCOMA LLADER LLADER

    MENORIGUAL      shift and go to state 20


state 19

    (2) expresion -> SYSTEM PUNTO IDENTIFICADOR PUNTO IDENTIFICADOR PARIZQ COMDOB IDENTIFICADOR . DOSPUNTO COMDOB SUMA IDENTIFICADOR PARDER PUNTOCOMA LLADER

    DOSPUNTO        shift and go to state 21


state 20

    (1) expresion -> RESERVADA PARIZQ IDENTIFICADOR IDENTIFICADOR ASIGNAR ENTERO PUNTOCOMA IDENTIFICADOR MENORIGUAL . ENTERO PUNTOCOMA IDENTIFICADOR PLUSPLUS PARDER LLAIZQ SYSTEM PUNTO IDENTIFICADOR PUNTO IDENTIFICADOR PARIZQ COMDOB IDENTIFICADOR DOSPUNTO COMDOB SUMA IDENTIFICADOR PARDER PUNTOCOMA LLADER LLADER

    ENTERO          shift and go to state 22


state 21

    (2) expresion -> SYSTEM PUNTO IDENTIFICADOR PUNTO IDENTIFICADOR PARIZQ COMDOB IDENTIFICADOR DOSPUNTO . COMDOB SUMA IDENTIFICADOR PARDER PUNTOCOMA LLADER

    COMDOB          shift and go to state 23


state 22

    (1) expresion -> RESERVADA PARIZQ IDENTIFICADOR IDENTIFICADOR ASIGNAR ENTERO PUNTOCOMA IDENTIFICADOR MENORIGUAL ENTERO . PUNTOCOMA IDENTIFICADOR PLUSPLUS PARDER LLAIZQ SYSTEM PUNTO IDENTIFICADOR PUNTO IDENTIFICADOR PARIZQ COMDOB IDENTIFICADOR DOSPUNTO COMDOB SUMA IDENTIFICADOR PARDER PUNTOCOMA LLADER LLADER

    PUNTOCOMA       shift and go to state 24


state 23

    (2) expresion -> SYSTEM PUNTO IDENTIFICADOR PUNTO IDENTIFICADOR PARIZQ COMDOB IDENTIFICADOR DOSPUNTO COMDOB . SUMA IDENTIFICADOR PARDER PUNTOCOMA LLADER

    SUMA            shift and go to state 25


state 24

    (1) expresion -> RESERVADA PARIZQ IDENTIFICADOR IDENTIFICADOR ASIGNAR ENTERO PUNTOCOMA IDENTIFICADOR MENORIGUAL ENTERO PUNTOCOMA . IDENTIFICADOR PLUSPLUS PARDER LLAIZQ SYSTEM PUNTO IDENTIFICADOR PUNTO IDENTIFICADOR PARIZQ COMDOB IDENTIFICADOR DOSPUNTO COMDOB SUMA IDENTIFICADOR PARDER PUNTOCOMA LLADER LLADER

    IDENTIFICADOR   shift and go to state 26


state 25

    (2) expresion -> SYSTEM PUNTO IDENTIFICADOR PUNTO IDENTIFICADOR PARIZQ COMDOB IDENTIFICADOR DOSPUNTO COMDOB SUMA . IDENTIFICADOR PARDER PUNTOCOMA LLADER

    IDENTIFICADOR   shift and go to state 27


state 26

    (1) expresion -> RESERVADA PARIZQ IDENTIFICADOR IDENTIFICADOR ASIGNAR ENTERO PUNTOCOMA IDENTIFICADOR MENORIGUAL ENTERO PUNTOCOMA IDENTIFICADOR . PLUSPLUS PARDER LLAIZQ SYSTEM PUNTO IDENTIFICADOR PUNTO IDENTIFICADOR PARIZQ COMDOB IDENTIFICADOR DOSPUNTO COMDOB SUMA IDENTIFICADOR PARDER PUNTOCOMA LLADER LLADER

    PLUSPLUS        shift and go to state 28


state 27

    (2) expresion -> SYSTEM PUNTO IDENTIFICADOR PUNTO IDENTIFICADOR PARIZQ COMDOB IDENTIFICADOR DOSPUNTO COMDOB SUMA IDENTIFICADOR . PARDER PUNTOCOMA LLADER

    PARDER          shift and go to state 29


state 28

    (1) expresion -> RESERVADA PARIZQ IDENTIFICADOR IDENTIFICADOR ASIGNAR ENTERO PUNTOCOMA IDENTIFICADOR MENORIGUAL ENTERO PUNTOCOMA IDENTIFICADOR PLUSPLUS . PARDER LLAIZQ SYSTEM PUNTO IDENTIFICADOR PUNTO IDENTIFICADOR PARIZQ COMDOB IDENTIFICADOR DOSPUNTO COMDOB SUMA IDENTIFICADOR PARDER PUNTOCOMA LLADER LLADER

    PARDER          shift and go to state 30


state 29

    (2) expresion -> SYSTEM PUNTO IDENTIFICADOR PUNTO IDENTIFICADOR PARIZQ COMDOB IDENTIFICADOR DOSPUNTO COMDOB SUMA IDENTIFICADOR PARDER . PUNTOCOMA LLADER

    PUNTOCOMA       shift and go to state 31


state 30

    (1) expresion -> RESERVADA PARIZQ IDENTIFICADOR IDENTIFICADOR ASIGNAR ENTERO PUNTOCOMA IDENTIFICADOR MENORIGUAL ENTERO PUNTOCOMA IDENTIFICADOR PLUSPLUS PARDER . LLAIZQ SYSTEM PUNTO IDENTIFICADOR PUNTO IDENTIFICADOR PARIZQ COMDOB IDENTIFICADOR DOSPUNTO COMDOB SUMA IDENTIFICADOR PARDER PUNTOCOMA LLADER LLADER

    LLAIZQ          shift and go to state 32


state 31

    (2) expresion -> SYSTEM PUNTO IDENTIFICADOR PUNTO IDENTIFICADOR PARIZQ COMDOB IDENTIFICADOR DOSPUNTO COMDOB SUMA IDENTIFICADOR PARDER PUNTOCOMA . LLADER

    LLADER          shift and go to state 33


state 32

    (1) expresion -> RESERVADA PARIZQ IDENTIFICADOR IDENTIFICADOR ASIGNAR ENTERO PUNTOCOMA IDENTIFICADOR MENORIGUAL ENTERO PUNTOCOMA IDENTIFICADOR PLUSPLUS PARDER LLAIZQ . SYSTEM PUNTO IDENTIFICADOR PUNTO IDENTIFICADOR PARIZQ COMDOB IDENTIFICADOR DOSPUNTO COMDOB SUMA IDENTIFICADOR PARDER PUNTOCOMA LLADER LLADER

    SYSTEM          shift and go to state 34


state 33

    (2) expresion -> SYSTEM PUNTO IDENTIFICADOR PUNTO IDENTIFICADOR PARIZQ COMDOB IDENTIFICADOR DOSPUNTO COMDOB SUMA IDENTIFICADOR PARDER PUNTOCOMA LLADER .

    $end            reduce using rule 2 (expresion -> SYSTEM PUNTO IDENTIFICADOR PUNTO IDENTIFICADOR PARIZQ COMDOB IDENTIFICADOR DOSPUNTO COMDOB SUMA IDENTIFICADOR PARDER PUNTOCOMA LLADER .)


state 34

    (1) expresion -> RESERVADA PARIZQ IDENTIFICADOR IDENTIFICADOR ASIGNAR ENTERO PUNTOCOMA IDENTIFICADOR MENORIGUAL ENTERO PUNTOCOMA IDENTIFICADOR PLUSPLUS PARDER LLAIZQ SYSTEM . PUNTO IDENTIFICADOR PUNTO IDENTIFICADOR PARIZQ COMDOB IDENTIFICADOR DOSPUNTO COMDOB SUMA IDENTIFICADOR PARDER PUNTOCOMA LLADER LLADER

    PUNTO           shift and go to state 35


state 35

    (1) expresion -> RESERVADA PARIZQ IDENTIFICADOR IDENTIFICADOR ASIGNAR ENTERO PUNTOCOMA IDENTIFICADOR MENORIGUAL ENTERO PUNTOCOMA IDENTIFICADOR PLUSPLUS PARDER LLAIZQ SYSTEM PUNTO . IDENTIFICADOR PUNTO IDENTIFICADOR PARIZQ COMDOB IDENTIFICADOR DOSPUNTO COMDOB SUMA IDENTIFICADOR PARDER PUNTOCOMA LLADER LLADER

    IDENTIFICADOR   shift and go to state 36


state 36

    (1) expresion -> RESERVADA PARIZQ IDENTIFICADOR IDENTIFICADOR ASIGNAR ENTERO PUNTOCOMA IDENTIFICADOR MENORIGUAL ENTERO PUNTOCOMA IDENTIFICADOR PLUSPLUS PARDER LLAIZQ SYSTEM PUNTO IDENTIFICADOR . PUNTO IDENTIFICADOR PARIZQ COMDOB IDENTIFICADOR DOSPUNTO COMDOB SUMA IDENTIFICADOR PARDER PUNTOCOMA LLADER LLADER

    PUNTO           shift and go to state 37


state 37

    (1) expresion -> RESERVADA PARIZQ IDENTIFICADOR IDENTIFICADOR ASIGNAR ENTERO PUNTOCOMA IDENTIFICADOR MENORIGUAL ENTERO PUNTOCOMA IDENTIFICADOR PLUSPLUS PARDER LLAIZQ SYSTEM PUNTO IDENTIFICADOR PUNTO . IDENTIFICADOR PARIZQ COMDOB IDENTIFICADOR DOSPUNTO COMDOB SUMA IDENTIFICADOR PARDER PUNTOCOMA LLADER LLADER

    IDENTIFICADOR   shift and go to state 38


state 38

    (1) expresion -> RESERVADA PARIZQ IDENTIFICADOR IDENTIFICADOR ASIGNAR ENTERO PUNTOCOMA IDENTIFICADOR MENORIGUAL ENTERO PUNTOCOMA IDENTIFICADOR PLUSPLUS PARDER LLAIZQ SYSTEM PUNTO IDENTIFICADOR PUNTO IDENTIFICADOR . PARIZQ COMDOB IDENTIFICADOR DOSPUNTO COMDOB SUMA IDENTIFICADOR PARDER PUNTOCOMA LLADER LLADER

    PARIZQ          shift and go to state 39


state 39

    (1) expresion -> RESERVADA PARIZQ IDENTIFICADOR IDENTIFICADOR ASIGNAR ENTERO PUNTOCOMA IDENTIFICADOR MENORIGUAL ENTERO PUNTOCOMA IDENTIFICADOR PLUSPLUS PARDER LLAIZQ SYSTEM PUNTO IDENTIFICADOR PUNTO IDENTIFICADOR PARIZQ . COMDOB IDENTIFICADOR DOSPUNTO COMDOB SUMA IDENTIFICADOR PARDER PUNTOCOMA LLADER LLADER

    COMDOB          shift and go to state 40


state 40

    (1) expresion -> RESERVADA PARIZQ IDENTIFICADOR IDENTIFICADOR ASIGNAR ENTERO PUNTOCOMA IDENTIFICADOR MENORIGUAL ENTERO PUNTOCOMA IDENTIFICADOR PLUSPLUS PARDER LLAIZQ SYSTEM PUNTO IDENTIFICADOR PUNTO IDENTIFICADOR PARIZQ COMDOB . IDENTIFICADOR DOSPUNTO COMDOB SUMA IDENTIFICADOR PARDER PUNTOCOMA LLADER LLADER

    IDENTIFICADOR   shift and go to state 41


state 41

    (1) expresion -> RESERVADA PARIZQ IDENTIFICADOR IDENTIFICADOR ASIGNAR ENTERO PUNTOCOMA IDENTIFICADOR MENORIGUAL ENTERO PUNTOCOMA IDENTIFICADOR PLUSPLUS PARDER LLAIZQ SYSTEM PUNTO IDENTIFICADOR PUNTO IDENTIFICADOR PARIZQ COMDOB IDENTIFICADOR . DOSPUNTO COMDOB SUMA IDENTIFICADOR PARDER PUNTOCOMA LLADER LLADER

    DOSPUNTO        shift and go to state 42


state 42

    (1) expresion -> RESERVADA PARIZQ IDENTIFICADOR IDENTIFICADOR ASIGNAR ENTERO PUNTOCOMA IDENTIFICADOR MENORIGUAL ENTERO PUNTOCOMA IDENTIFICADOR PLUSPLUS PARDER LLAIZQ SYSTEM PUNTO IDENTIFICADOR PUNTO IDENTIFICADOR PARIZQ COMDOB IDENTIFICADOR DOSPUNTO . COMDOB SUMA IDENTIFICADOR PARDER PUNTOCOMA LLADER LLADER

    COMDOB          shift and go to state 43


state 43

    (1) expresion -> RESERVADA PARIZQ IDENTIFICADOR IDENTIFICADOR ASIGNAR ENTERO PUNTOCOMA IDENTIFICADOR MENORIGUAL ENTERO PUNTOCOMA IDENTIFICADOR PLUSPLUS PARDER LLAIZQ SYSTEM PUNTO IDENTIFICADOR PUNTO IDENTIFICADOR PARIZQ COMDOB IDENTIFICADOR DOSPUNTO COMDOB . SUMA IDENTIFICADOR PARDER PUNTOCOMA LLADER LLADER

    SUMA            shift and go to state 44


state 44

    (1) expresion -> RESERVADA PARIZQ IDENTIFICADOR IDENTIFICADOR ASIGNAR ENTERO PUNTOCOMA IDENTIFICADOR MENORIGUAL ENTERO PUNTOCOMA IDENTIFICADOR PLUSPLUS PARDER LLAIZQ SYSTEM PUNTO IDENTIFICADOR PUNTO IDENTIFICADOR PARIZQ COMDOB IDENTIFICADOR DOSPUNTO COMDOB SUMA . IDENTIFICADOR PARDER PUNTOCOMA LLADER LLADER

    IDENTIFICADOR   shift and go to state 45


state 45

    (1) expresion -> RESERVADA PARIZQ IDENTIFICADOR IDENTIFICADOR ASIGNAR ENTERO PUNTOCOMA IDENTIFICADOR MENORIGUAL ENTERO PUNTOCOMA IDENTIFICADOR PLUSPLUS PARDER LLAIZQ SYSTEM PUNTO IDENTIFICADOR PUNTO IDENTIFICADOR PARIZQ COMDOB IDENTIFICADOR DOSPUNTO COMDOB SUMA IDENTIFICADOR . PARDER PUNTOCOMA LLADER LLADER

    PARDER          shift and go to state 46


state 46

    (1) expresion -> RESERVADA PARIZQ IDENTIFICADOR IDENTIFICADOR ASIGNAR ENTERO PUNTOCOMA IDENTIFICADOR MENORIGUAL ENTERO PUNTOCOMA IDENTIFICADOR PLUSPLUS PARDER LLAIZQ SYSTEM PUNTO IDENTIFICADOR PUNTO IDENTIFICADOR PARIZQ COMDOB IDENTIFICADOR DOSPUNTO COMDOB SUMA IDENTIFICADOR PARDER . PUNTOCOMA LLADER LLADER

    PUNTOCOMA       shift and go to state 47


state 47

    (1) expresion -> RESERVADA PARIZQ IDENTIFICADOR IDENTIFICADOR ASIGNAR ENTERO PUNTOCOMA IDENTIFICADOR MENORIGUAL ENTERO PUNTOCOMA IDENTIFICADOR PLUSPLUS PARDER LLAIZQ SYSTEM PUNTO IDENTIFICADOR PUNTO IDENTIFICADOR PARIZQ COMDOB IDENTIFICADOR DOSPUNTO COMDOB SUMA IDENTIFICADOR PARDER PUNTOCOMA . LLADER LLADER

    LLADER          shift and go to state 48


state 48

    (1) expresion -> RESERVADA PARIZQ IDENTIFICADOR IDENTIFICADOR ASIGNAR ENTERO PUNTOCOMA IDENTIFICADOR MENORIGUAL ENTERO PUNTOCOMA IDENTIFICADOR PLUSPLUS PARDER LLAIZQ SYSTEM PUNTO IDENTIFICADOR PUNTO IDENTIFICADOR PARIZQ COMDOB IDENTIFICADOR DOSPUNTO COMDOB SUMA IDENTIFICADOR PARDER PUNTOCOMA LLADER . LLADER

    LLADER          shift and go to state 49


state 49

    (1) expresion -> RESERVADA PARIZQ IDENTIFICADOR IDENTIFICADOR ASIGNAR ENTERO PUNTOCOMA IDENTIFICADOR MENORIGUAL ENTERO PUNTOCOMA IDENTIFICADOR PLUSPLUS PARDER LLAIZQ SYSTEM PUNTO IDENTIFICADOR PUNTO IDENTIFICADOR PARIZQ COMDOB IDENTIFICADOR DOSPUNTO COMDOB SUMA IDENTIFICADOR PARDER PUNTOCOMA LLADER LLADER .

    $end            reduce using rule 1 (expresion -> RESERVADA PARIZQ IDENTIFICADOR IDENTIFICADOR ASIGNAR ENTERO PUNTOCOMA IDENTIFICADOR MENORIGUAL ENTERO PUNTOCOMA IDENTIFICADOR PLUSPLUS PARDER LLAIZQ SYSTEM PUNTO IDENTIFICADOR PUNTO IDENTIFICADOR PARIZQ COMDOB IDENTIFICADOR DOSPUNTO COMDOB SUMA IDENTIFICADOR PARDER PUNTOCOMA LLADER LLADER .)

